<?xml version="1.0" encoding="UTF-8"?>
<testsuite name="quoridor.SpecialMovementsTest" tests="13" skipped="0" failures="0" errors="0" timestamp="2023-02-07T08:56:30" hostname="DESKTOP-QVTEACG" time="0.021">
  <properties/>
  <testcase name="testLeftJump()" classname="quoridor.SpecialMovementsTest" time="0.001"/>
  <testcase name="testLeftJumpWithWallBehind()" classname="quoridor.SpecialMovementsTest" time="0.001"/>
  <testcase name="testRightJump()" classname="quoridor.SpecialMovementsTest" time="0.0"/>
  <testcase name="testRightJumpWithOpponentsAligned()" classname="quoridor.SpecialMovementsTest" time="0.0"/>
  <testcase name="testUpJumpWithOpponentsAligned()" classname="quoridor.SpecialMovementsTest" time="0.002"/>
  <testcase name="testUpJumpWithWallBehind()" classname="quoridor.SpecialMovementsTest" time="0.001"/>
  <testcase name="testRightJumpWithWallBehind()" classname="quoridor.SpecialMovementsTest" time="0.001"/>
  <testcase name="testDownJumpWithOpponentsAligned()" classname="quoridor.SpecialMovementsTest" time="0.001"/>
  <testcase name="testAlignCondition()" classname="quoridor.SpecialMovementsTest" time="0.001"/>
  <testcase name="testLeftJumpWithOpponentsAligned()" classname="quoridor.SpecialMovementsTest" time="0.0"/>
  <testcase name="testUpJump()" classname="quoridor.SpecialMovementsTest" time="0.001"/>
  <testcase name="testDownJumpWithWallBehind()" classname="quoridor.SpecialMovementsTest" time="0.0"/>
  <testcase name="testDownJump()" classname="quoridor.SpecialMovementsTest" time="0.0"/>
  <system-out><![CDATA[]]></system-out>
  <system-err><![CDATA[]]></system-err>
</testsuite>
